===== 1000 =====
MPI Quicksort #1:
vsetenv PMIX_SERVER_TMPDIR failed
vsetenv PMIX_SERVER_TMPDIR failed
vsetenv PMIX_SERVER_TMPDIR failed
vsetenv PMIX_SERVER_TMPDIR failed
vsetenv PMIX_SERVER_TMPDIR failed
vsetenv PMIX_SERVER_TMPDIR failed
Sorted in 0.063953 seconds.
MPI Regular Sampling #1:
vsetenv PMIX_SERVER_TMPDIR failed
vsetenv PMIX_SERVER_TMPDIR failed
vsetenv PMIX_SERVER_TMPDIR failed
vsetenv PMIX_SERVER_TMPDIR failed
vsetenv PMIX_SERVER_TMPDIR failed
vsetenv PMIX_SERVER_TMPDIR failed
Sorted in 0.033346 seconds.
MPI Quicksort #2:
vsetenv PMIX_SERVER_TMPDIR failed
vsetenv PMIX_SERVER_TMPDIR failed
vsetenv PMIX_SERVER_TMPDIR failed
vsetenv PMIX_SERVER_TMPDIR failed
vsetenv PMIX_SERVER_TMPDIR failed
vsetenv PMIX_SERVER_TMPDIR failed
Sorted in 0.063403 seconds.
MPI Regular Sampling #2:
vsetenv PMIX_SERVER_TMPDIR failed
vsetenv PMIX_SERVER_TMPDIR failed
vsetenv PMIX_SERVER_TMPDIR failed
vsetenv PMIX_SERVER_TMPDIR failed
vsetenv PMIX_SERVER_TMPDIR failed
vsetenv PMIX_SERVER_TMPDIR failed
Sorted in 0.033933 seconds.
MPI Quicksort #3:
vsetenv PMIX_SERVER_TMPDIR failed
vsetenv PMIX_SERVER_TMPDIR failed
vsetenv PMIX_SERVER_TMPDIR failed
vsetenv PMIX_SERVER_TMPDIR failed
vsetenv PMIX_SERVER_TMPDIR failed
vsetenv PMIX_SERVER_TMPDIR failed
Sorted in 0.064001 seconds.
MPI Regular Sampling #3:
vsetenv PMIX_SERVER_TMPDIR failed
vsetenv PMIX_SERVER_TMPDIR failed
vsetenv PMIX_SERVER_TMPDIR failed
vsetenv PMIX_SERVER_TMPDIR failed
vsetenv PMIX_SERVER_TMPDIR failed
vsetenv PMIX_SERVER_TMPDIR failed
Sorted in 0.031708 seconds.
===== 5000 =====
MPI Quicksort #1:
vsetenv PMIX_SERVER_TMPDIR failed
vsetenv PMIX_SERVER_TMPDIR failed
vsetenv PMIX_SERVER_TMPDIR failed
vsetenv PMIX_SERVER_TMPDIR failed
vsetenv PMIX_SERVER_TMPDIR failed
vsetenv PMIX_SERVER_TMPDIR failed
Sorted in 0.063976 seconds.
MPI Regular Sampling #1:
vsetenv PMIX_SERVER_TMPDIR failed
vsetenv PMIX_SERVER_TMPDIR failed
vsetenv PMIX_SERVER_TMPDIR failed
vsetenv PMIX_SERVER_TMPDIR failed
vsetenv PMIX_SERVER_TMPDIR failed
vsetenv PMIX_SERVER_TMPDIR failed
Sorted in 0.032342 seconds.
MPI Quicksort #2:
vsetenv PMIX_SERVER_TMPDIR failed
vsetenv PMIX_SERVER_TMPDIR failed
vsetenv PMIX_SERVER_TMPDIR failed
vsetenv PMIX_SERVER_TMPDIR failed
vsetenv PMIX_SERVER_TMPDIR failed
vsetenv PMIX_SERVER_TMPDIR failed
Sorted in 0.062846 seconds.
MPI Regular Sampling #2:
vsetenv PMIX_SERVER_TMPDIR failed
vsetenv PMIX_SERVER_TMPDIR failed
vsetenv PMIX_SERVER_TMPDIR failed
vsetenv PMIX_SERVER_TMPDIR failed
vsetenv PMIX_SERVER_TMPDIR failed
vsetenv PMIX_SERVER_TMPDIR failed
Sorted in 0.035693 seconds.
MPI Quicksort #3:
vsetenv PMIX_SERVER_TMPDIR failed
vsetenv PMIX_SERVER_TMPDIR failed
vsetenv PMIX_SERVER_TMPDIR failed
vsetenv PMIX_SERVER_TMPDIR failed
vsetenv PMIX_SERVER_TMPDIR failed
vsetenv PMIX_SERVER_TMPDIR failed
Sorted in 0.086507 seconds.
MPI Regular Sampling #3:
vsetenv PMIX_SERVER_TMPDIR failed
vsetenv PMIX_SERVER_TMPDIR failed
vsetenv PMIX_SERVER_TMPDIR failed
vsetenv PMIX_SERVER_TMPDIR failed
vsetenv PMIX_SERVER_TMPDIR failed
vsetenv PMIX_SERVER_TMPDIR failed
Sorted in 0.036546 seconds.
===== 10000 =====
MPI Quicksort #1:
vsetenv PMIX_SERVER_TMPDIR failed
vsetenv PMIX_SERVER_TMPDIR failed
vsetenv PMIX_SERVER_TMPDIR failed
vsetenv PMIX_SERVER_TMPDIR failed
vsetenv PMIX_SERVER_TMPDIR failed
vsetenv PMIX_SERVER_TMPDIR failed
Sorted in 0.067370 seconds.
MPI Regular Sampling #1:
vsetenv PMIX_SERVER_TMPDIR failed
vsetenv PMIX_SERVER_TMPDIR failed
vsetenv PMIX_SERVER_TMPDIR failed
vsetenv PMIX_SERVER_TMPDIR failed
vsetenv PMIX_SERVER_TMPDIR failed
vsetenv PMIX_SERVER_TMPDIR failed
Sorted in 0.034710 seconds.
MPI Quicksort #2:
vsetenv PMIX_SERVER_TMPDIR failed
vsetenv PMIX_SERVER_TMPDIR failed
vsetenv PMIX_SERVER_TMPDIR failed
vsetenv PMIX_SERVER_TMPDIR failed
vsetenv PMIX_SERVER_TMPDIR failed
vsetenv PMIX_SERVER_TMPDIR failed
Sorted in 0.069253 seconds.
MPI Regular Sampling #2:
vsetenv PMIX_SERVER_TMPDIR failed
vsetenv PMIX_SERVER_TMPDIR failed
vsetenv PMIX_SERVER_TMPDIR failed
vsetenv PMIX_SERVER_TMPDIR failed
vsetenv PMIX_SERVER_TMPDIR failed
vsetenv PMIX_SERVER_TMPDIR failed
Sorted in 0.033299 seconds.
MPI Quicksort #3:
vsetenv PMIX_SERVER_TMPDIR failed
vsetenv PMIX_SERVER_TMPDIR failed
vsetenv PMIX_SERVER_TMPDIR failed
vsetenv PMIX_SERVER_TMPDIR failed
vsetenv PMIX_SERVER_TMPDIR failed
vsetenv PMIX_SERVER_TMPDIR failed
Sorted in 0.070339 seconds.
MPI Regular Sampling #3:
vsetenv PMIX_SERVER_TMPDIR failed
vsetenv PMIX_SERVER_TMPDIR failed
vsetenv PMIX_SERVER_TMPDIR failed
vsetenv PMIX_SERVER_TMPDIR failed
vsetenv PMIX_SERVER_TMPDIR failed
vsetenv PMIX_SERVER_TMPDIR failed
Sorted in 0.036751 seconds.
===== 50000 =====
MPI Quicksort #1:
vsetenv PMIX_SERVER_TMPDIR failed
vsetenv PMIX_SERVER_TMPDIR failed
vsetenv PMIX_SERVER_TMPDIR failed
vsetenv PMIX_SERVER_TMPDIR failed
vsetenv PMIX_SERVER_TMPDIR failed
vsetenv PMIX_SERVER_TMPDIR failed
Sorted in 0.074133 seconds.
MPI Regular Sampling #1:
vsetenv PMIX_SERVER_TMPDIR failed
vsetenv PMIX_SERVER_TMPDIR failed
vsetenv PMIX_SERVER_TMPDIR failed
vsetenv PMIX_SERVER_TMPDIR failed
vsetenv PMIX_SERVER_TMPDIR failed
vsetenv PMIX_SERVER_TMPDIR failed
Sorted in 0.037871 seconds.
MPI Quicksort #2:
vsetenv PMIX_SERVER_TMPDIR failed
vsetenv PMIX_SERVER_TMPDIR failed
vsetenv PMIX_SERVER_TMPDIR failed
vsetenv PMIX_SERVER_TMPDIR failed
vsetenv PMIX_SERVER_TMPDIR failed
vsetenv PMIX_SERVER_TMPDIR failed
Sorted in 0.070338 seconds.
MPI Regular Sampling #2:
vsetenv PMIX_SERVER_TMPDIR failed
vsetenv PMIX_SERVER_TMPDIR failed
vsetenv PMIX_SERVER_TMPDIR failed
vsetenv PMIX_SERVER_TMPDIR failed
vsetenv PMIX_SERVER_TMPDIR failed
vsetenv PMIX_SERVER_TMPDIR failed
Sorted in 0.036272 seconds.
MPI Quicksort #3:
vsetenv PMIX_SERVER_TMPDIR failed
vsetenv PMIX_SERVER_TMPDIR failed
vsetenv PMIX_SERVER_TMPDIR failed
vsetenv PMIX_SERVER_TMPDIR failed
vsetenv PMIX_SERVER_TMPDIR failed
vsetenv PMIX_SERVER_TMPDIR failed
Sorted in 0.071425 seconds.
MPI Regular Sampling #3:
vsetenv PMIX_SERVER_TMPDIR failed
vsetenv PMIX_SERVER_TMPDIR failed
vsetenv PMIX_SERVER_TMPDIR failed
vsetenv PMIX_SERVER_TMPDIR failed
vsetenv PMIX_SERVER_TMPDIR failed
vsetenv PMIX_SERVER_TMPDIR failed
Sorted in 0.037553 seconds.
===== 100000 =====
MPI Quicksort #1:
vsetenv PMIX_SERVER_TMPDIR failed
vsetenv PMIX_SERVER_TMPDIR failed
vsetenv PMIX_SERVER_TMPDIR failed
vsetenv PMIX_SERVER_TMPDIR failed
vsetenv PMIX_SERVER_TMPDIR failed
vsetenv PMIX_SERVER_TMPDIR failed
Sorted in 0.079466 seconds.
MPI Regular Sampling #1:
vsetenv PMIX_SERVER_TMPDIR failed
vsetenv PMIX_SERVER_TMPDIR failed
vsetenv PMIX_SERVER_TMPDIR failed
vsetenv PMIX_SERVER_TMPDIR failed
vsetenv PMIX_SERVER_TMPDIR failed
vsetenv PMIX_SERVER_TMPDIR failed
Sorted in 0.044197 seconds.
MPI Quicksort #2:
vsetenv PMIX_SERVER_TMPDIR failed
vsetenv PMIX_SERVER_TMPDIR failed
vsetenv PMIX_SERVER_TMPDIR failed
vsetenv PMIX_SERVER_TMPDIR failed
vsetenv PMIX_SERVER_TMPDIR failed
vsetenv PMIX_SERVER_TMPDIR failed
Sorted in 0.079339 seconds.
MPI Regular Sampling #2:
vsetenv PMIX_SERVER_TMPDIR failed
vsetenv PMIX_SERVER_TMPDIR failed
vsetenv PMIX_SERVER_TMPDIR failed
vsetenv PMIX_SERVER_TMPDIR failed
vsetenv PMIX_SERVER_TMPDIR failed
vsetenv PMIX_SERVER_TMPDIR failed
Sorted in 0.038946 seconds.
MPI Quicksort #3:
vsetenv PMIX_SERVER_TMPDIR failed
vsetenv PMIX_SERVER_TMPDIR failed
vsetenv PMIX_SERVER_TMPDIR failed
vsetenv PMIX_SERVER_TMPDIR failed
vsetenv PMIX_SERVER_TMPDIR failed
vsetenv PMIX_SERVER_TMPDIR failed
Sorted in 0.078809 seconds.
MPI Regular Sampling #3:
vsetenv PMIX_SERVER_TMPDIR failed
vsetenv PMIX_SERVER_TMPDIR failed
vsetenv PMIX_SERVER_TMPDIR failed
vsetenv PMIX_SERVER_TMPDIR failed
vsetenv PMIX_SERVER_TMPDIR failed
vsetenv PMIX_SERVER_TMPDIR failed
Sorted in 0.040515 seconds.
===== 500000 =====
MPI Quicksort #1:
vsetenv PMIX_SERVER_TMPDIR failed
vsetenv PMIX_SERVER_TMPDIR failed
vsetenv PMIX_SERVER_TMPDIR failed
vsetenv PMIX_SERVER_TMPDIR failed
vsetenv PMIX_SERVER_TMPDIR failed
vsetenv PMIX_SERVER_TMPDIR failed
Sorted in 0.158753 seconds.
MPI Regular Sampling #1:
vsetenv PMIX_SERVER_TMPDIR failed
vsetenv PMIX_SERVER_TMPDIR failed
vsetenv PMIX_SERVER_TMPDIR failed
vsetenv PMIX_SERVER_TMPDIR failed
vsetenv PMIX_SERVER_TMPDIR failed
vsetenv PMIX_SERVER_TMPDIR failed
Sorted in 0.087558 seconds.
MPI Quicksort #2:
vsetenv PMIX_SERVER_TMPDIR failed
vsetenv PMIX_SERVER_TMPDIR failed
vsetenv PMIX_SERVER_TMPDIR failed
vsetenv PMIX_SERVER_TMPDIR failed
vsetenv PMIX_SERVER_TMPDIR failed
vsetenv PMIX_SERVER_TMPDIR failed
Sorted in 0.155107 seconds.
MPI Regular Sampling #2:
vsetenv PMIX_SERVER_TMPDIR failed
vsetenv PMIX_SERVER_TMPDIR failed
vsetenv PMIX_SERVER_TMPDIR failed
vsetenv PMIX_SERVER_TMPDIR failed
vsetenv PMIX_SERVER_TMPDIR failed
vsetenv PMIX_SERVER_TMPDIR failed
Sorted in 0.091220 seconds.
MPI Quicksort #3:
vsetenv PMIX_SERVER_TMPDIR failed
vsetenv PMIX_SERVER_TMPDIR failed
vsetenv PMIX_SERVER_TMPDIR failed
vsetenv PMIX_SERVER_TMPDIR failed
vsetenv PMIX_SERVER_TMPDIR failed
vsetenv PMIX_SERVER_TMPDIR failed
Sorted in 0.157900 seconds.
MPI Regular Sampling #3:
vsetenv PMIX_SERVER_TMPDIR failed
vsetenv PMIX_SERVER_TMPDIR failed
vsetenv PMIX_SERVER_TMPDIR failed
vsetenv PMIX_SERVER_TMPDIR failed
vsetenv PMIX_SERVER_TMPDIR failed
vsetenv PMIX_SERVER_TMPDIR failed
Sorted in 0.089552 seconds.
===== 1000000 =====
MPI Quicksort #1:
vsetenv PMIX_SERVER_TMPDIR failed
vsetenv PMIX_SERVER_TMPDIR failed
vsetenv PMIX_SERVER_TMPDIR failed
vsetenv PMIX_SERVER_TMPDIR failed
vsetenv PMIX_SERVER_TMPDIR failed
vsetenv PMIX_SERVER_TMPDIR failed
Sorted in 0.250871 seconds.
MPI Regular Sampling #1:
vsetenv PMIX_SERVER_TMPDIR failed
vsetenv PMIX_SERVER_TMPDIR failed
vsetenv PMIX_SERVER_TMPDIR failed
vsetenv PMIX_SERVER_TMPDIR failed
vsetenv PMIX_SERVER_TMPDIR failed
vsetenv PMIX_SERVER_TMPDIR failed
Sorted in 0.157818 seconds.
MPI Quicksort #2:
vsetenv PMIX_SERVER_TMPDIR failed
vsetenv PMIX_SERVER_TMPDIR failed
vsetenv PMIX_SERVER_TMPDIR failed
vsetenv PMIX_SERVER_TMPDIR failed
vsetenv PMIX_SERVER_TMPDIR failed
vsetenv PMIX_SERVER_TMPDIR failed
Sorted in 0.251660 seconds.
MPI Regular Sampling #2:
vsetenv PMIX_SERVER_TMPDIR failed
vsetenv PMIX_SERVER_TMPDIR failed
vsetenv PMIX_SERVER_TMPDIR failed
vsetenv PMIX_SERVER_TMPDIR failed
vsetenv PMIX_SERVER_TMPDIR failed
vsetenv PMIX_SERVER_TMPDIR failed
Sorted in 0.150098 seconds.
MPI Quicksort #3:
vsetenv PMIX_SERVER_TMPDIR failed
vsetenv PMIX_SERVER_TMPDIR failed
vsetenv PMIX_SERVER_TMPDIR failed
vsetenv PMIX_SERVER_TMPDIR failed
vsetenv PMIX_SERVER_TMPDIR failed
vsetenv PMIX_SERVER_TMPDIR failed
Sorted in 0.259559 seconds.
MPI Regular Sampling #3:
vsetenv PMIX_SERVER_TMPDIR failed
vsetenv PMIX_SERVER_TMPDIR failed
vsetenv PMIX_SERVER_TMPDIR failed
vsetenv PMIX_SERVER_TMPDIR failed
vsetenv PMIX_SERVER_TMPDIR failed
vsetenv PMIX_SERVER_TMPDIR failed
Sorted in 0.163173 seconds.
===== 5000000 =====
MPI Quicksort #1:
vsetenv PMIX_SERVER_TMPDIR failed
vsetenv PMIX_SERVER_TMPDIR failed
vsetenv PMIX_SERVER_TMPDIR failed
vsetenv PMIX_SERVER_TMPDIR failed
vsetenv PMIX_SERVER_TMPDIR failed
vsetenv PMIX_SERVER_TMPDIR failed
Sorted in 1.144769 seconds.
MPI Regular Sampling #1:
vsetenv PMIX_SERVER_TMPDIR failed
vsetenv PMIX_SERVER_TMPDIR failed
vsetenv PMIX_SERVER_TMPDIR failed
vsetenv PMIX_SERVER_TMPDIR failed
vsetenv PMIX_SERVER_TMPDIR failed
vsetenv PMIX_SERVER_TMPDIR failed
Sorted in 0.627483 seconds.
MPI Quicksort #2:
vsetenv PMIX_SERVER_TMPDIR failed
vsetenv PMIX_SERVER_TMPDIR failed
vsetenv PMIX_SERVER_TMPDIR failed
vsetenv PMIX_SERVER_TMPDIR failed
vsetenv PMIX_SERVER_TMPDIR failed
vsetenv PMIX_SERVER_TMPDIR failed
Sorted in 1.136041 seconds.
MPI Regular Sampling #2:
vsetenv PMIX_SERVER_TMPDIR failed
vsetenv PMIX_SERVER_TMPDIR failed
vsetenv PMIX_SERVER_TMPDIR failed
vsetenv PMIX_SERVER_TMPDIR failed
vsetenv PMIX_SERVER_TMPDIR failed
vsetenv PMIX_SERVER_TMPDIR failed
Sorted in 0.683018 seconds.
MPI Quicksort #3:
vsetenv PMIX_SERVER_TMPDIR failed
vsetenv PMIX_SERVER_TMPDIR failed
vsetenv PMIX_SERVER_TMPDIR failed
vsetenv PMIX_SERVER_TMPDIR failed
vsetenv PMIX_SERVER_TMPDIR failed
vsetenv PMIX_SERVER_TMPDIR failed
Sorted in 1.132103 seconds.
MPI Regular Sampling #3:
vsetenv PMIX_SERVER_TMPDIR failed
vsetenv PMIX_SERVER_TMPDIR failed
vsetenv PMIX_SERVER_TMPDIR failed
vsetenv PMIX_SERVER_TMPDIR failed
vsetenv PMIX_SERVER_TMPDIR failed
vsetenv PMIX_SERVER_TMPDIR failed
Sorted in 0.653020 seconds.
===== 10000000 =====
MPI Quicksort #1:
vsetenv PMIX_SERVER_TMPDIR failed
vsetenv PMIX_SERVER_TMPDIR failed
vsetenv PMIX_SERVER_TMPDIR failed
vsetenv PMIX_SERVER_TMPDIR failed
vsetenv PMIX_SERVER_TMPDIR failed
vsetenv PMIX_SERVER_TMPDIR failed
Sorted in 2.314892 seconds.
MPI Regular Sampling #1:
vsetenv PMIX_SERVER_TMPDIR failed
vsetenv PMIX_SERVER_TMPDIR failed
vsetenv PMIX_SERVER_TMPDIR failed
vsetenv PMIX_SERVER_TMPDIR failed
vsetenv PMIX_SERVER_TMPDIR failed
vsetenv PMIX_SERVER_TMPDIR failed
Sorted in 1.361905 seconds.
MPI Quicksort #2:
vsetenv PMIX_SERVER_TMPDIR failed
vsetenv PMIX_SERVER_TMPDIR failed
vsetenv PMIX_SERVER_TMPDIR failed
vsetenv PMIX_SERVER_TMPDIR failed
vsetenv PMIX_SERVER_TMPDIR failed
vsetenv PMIX_SERVER_TMPDIR failed
Sorted in 2.309426 seconds.
MPI Regular Sampling #2:
vsetenv PMIX_SERVER_TMPDIR failed
vsetenv PMIX_SERVER_TMPDIR failed
vsetenv PMIX_SERVER_TMPDIR failed
vsetenv PMIX_SERVER_TMPDIR failed
vsetenv PMIX_SERVER_TMPDIR failed
vsetenv PMIX_SERVER_TMPDIR failed
Sorted in 1.384486 seconds.
MPI Quicksort #3:
vsetenv PMIX_SERVER_TMPDIR failed
vsetenv PMIX_SERVER_TMPDIR failed
vsetenv PMIX_SERVER_TMPDIR failed
vsetenv PMIX_SERVER_TMPDIR failed
vsetenv PMIX_SERVER_TMPDIR failed
vsetenv PMIX_SERVER_TMPDIR failed
Sorted in 2.379730 seconds.
MPI Regular Sampling #3:
vsetenv PMIX_SERVER_TMPDIR failed
vsetenv PMIX_SERVER_TMPDIR failed
vsetenv PMIX_SERVER_TMPDIR failed
vsetenv PMIX_SERVER_TMPDIR failed
vsetenv PMIX_SERVER_TMPDIR failed
vsetenv PMIX_SERVER_TMPDIR failed
Sorted in 1.357278 seconds.
===== 25000000 =====
MPI Quicksort #1:
vsetenv PMIX_SERVER_TMPDIR failed
vsetenv PMIX_SERVER_TMPDIR failed
vsetenv PMIX_SERVER_TMPDIR failed
vsetenv PMIX_SERVER_TMPDIR failed
vsetenv PMIX_SERVER_TMPDIR failed
vsetenv PMIX_SERVER_TMPDIR failed
Sorted in 6.047333 seconds.
MPI Regular Sampling #1:
vsetenv PMIX_SERVER_TMPDIR failed
vsetenv PMIX_SERVER_TMPDIR failed
vsetenv PMIX_SERVER_TMPDIR failed
vsetenv PMIX_SERVER_TMPDIR failed
vsetenv PMIX_SERVER_TMPDIR failed
vsetenv PMIX_SERVER_TMPDIR failed
Sorted in 3.310666 seconds.
MPI Quicksort #2:
vsetenv PMIX_SERVER_TMPDIR failed
vsetenv PMIX_SERVER_TMPDIR failed
vsetenv PMIX_SERVER_TMPDIR failed
vsetenv PMIX_SERVER_TMPDIR failed
vsetenv PMIX_SERVER_TMPDIR failed
vsetenv PMIX_SERVER_TMPDIR failed
Sorted in 6.144883 seconds.
MPI Regular Sampling #2:
vsetenv PMIX_SERVER_TMPDIR failed
vsetenv PMIX_SERVER_TMPDIR failed
vsetenv PMIX_SERVER_TMPDIR failed
vsetenv PMIX_SERVER_TMPDIR failed
vsetenv PMIX_SERVER_TMPDIR failed
vsetenv PMIX_SERVER_TMPDIR failed
Sorted in 3.406814 seconds.
MPI Quicksort #3:
vsetenv PMIX_SERVER_TMPDIR failed
vsetenv PMIX_SERVER_TMPDIR failed
vsetenv PMIX_SERVER_TMPDIR failed
vsetenv PMIX_SERVER_TMPDIR failed
vsetenv PMIX_SERVER_TMPDIR failed
vsetenv PMIX_SERVER_TMPDIR failed
Sorted in 6.068422 seconds.
MPI Regular Sampling #3:
vsetenv PMIX_SERVER_TMPDIR failed
vsetenv PMIX_SERVER_TMPDIR failed
vsetenv PMIX_SERVER_TMPDIR failed
vsetenv PMIX_SERVER_TMPDIR failed
vsetenv PMIX_SERVER_TMPDIR failed
vsetenv PMIX_SERVER_TMPDIR failed
Sorted in 3.405089 seconds.
===== 50000000 =====
MPI Quicksort #1:
vsetenv PMIX_SERVER_TMPDIR failed
vsetenv PMIX_SERVER_TMPDIR failed
vsetenv PMIX_SERVER_TMPDIR failed
vsetenv PMIX_SERVER_TMPDIR failed
vsetenv PMIX_SERVER_TMPDIR failed
vsetenv PMIX_SERVER_TMPDIR failed
Sorted in 12.917753 seconds.
MPI Regular Sampling #1:
vsetenv PMIX_SERVER_TMPDIR failed
vsetenv PMIX_SERVER_TMPDIR failed
vsetenv PMIX_SERVER_TMPDIR failed
vsetenv PMIX_SERVER_TMPDIR failed
vsetenv PMIX_SERVER_TMPDIR failed
vsetenv PMIX_SERVER_TMPDIR failed
Sorted in 6.967393 seconds.
MPI Quicksort #2:
vsetenv PMIX_SERVER_TMPDIR failed
vsetenv PMIX_SERVER_TMPDIR failed
vsetenv PMIX_SERVER_TMPDIR failed
vsetenv PMIX_SERVER_TMPDIR failed
vsetenv PMIX_SERVER_TMPDIR failed
vsetenv PMIX_SERVER_TMPDIR failed
Sorted in 12.859180 seconds.
MPI Regular Sampling #2:
vsetenv PMIX_SERVER_TMPDIR failed
vsetenv PMIX_SERVER_TMPDIR failed
vsetenv PMIX_SERVER_TMPDIR failed
vsetenv PMIX_SERVER_TMPDIR failed
vsetenv PMIX_SERVER_TMPDIR failed
vsetenv PMIX_SERVER_TMPDIR failed
Sorted in 6.710466 seconds.
MPI Quicksort #3:
vsetenv PMIX_SERVER_TMPDIR failed
vsetenv PMIX_SERVER_TMPDIR failed
vsetenv PMIX_SERVER_TMPDIR failed
vsetenv PMIX_SERVER_TMPDIR failed
vsetenv PMIX_SERVER_TMPDIR failed
vsetenv PMIX_SERVER_TMPDIR failed
Sorted in 13.144612 seconds.
MPI Regular Sampling #3:
vsetenv PMIX_SERVER_TMPDIR failed
vsetenv PMIX_SERVER_TMPDIR failed
vsetenv PMIX_SERVER_TMPDIR failed
vsetenv PMIX_SERVER_TMPDIR failed
vsetenv PMIX_SERVER_TMPDIR failed
vsetenv PMIX_SERVER_TMPDIR failed
Sorted in 6.598868 seconds.
===== 75000000 =====
MPI Quicksort #1:
vsetenv PMIX_SERVER_TMPDIR failed
vsetenv PMIX_SERVER_TMPDIR failed
vsetenv PMIX_SERVER_TMPDIR failed
vsetenv PMIX_SERVER_TMPDIR failed
vsetenv PMIX_SERVER_TMPDIR failed
vsetenv PMIX_SERVER_TMPDIR failed
Sorted in 21.236118 seconds.
MPI Regular Sampling #1:
vsetenv PMIX_SERVER_TMPDIR failed
vsetenv PMIX_SERVER_TMPDIR failed
vsetenv PMIX_SERVER_TMPDIR failed
vsetenv PMIX_SERVER_TMPDIR failed
vsetenv PMIX_SERVER_TMPDIR failed
vsetenv PMIX_SERVER_TMPDIR failed
Sorted in 10.302090 seconds.
MPI Quicksort #2:
vsetenv PMIX_SERVER_TMPDIR failed
vsetenv PMIX_SERVER_TMPDIR failed
vsetenv PMIX_SERVER_TMPDIR failed
vsetenv PMIX_SERVER_TMPDIR failed
vsetenv PMIX_SERVER_TMPDIR failed
vsetenv PMIX_SERVER_TMPDIR failed
Sorted in 21.313716 seconds.
MPI Regular Sampling #2:
vsetenv PMIX_SERVER_TMPDIR failed
vsetenv PMIX_SERVER_TMPDIR failed
vsetenv PMIX_SERVER_TMPDIR failed
vsetenv PMIX_SERVER_TMPDIR failed
vsetenv PMIX_SERVER_TMPDIR failed
vsetenv PMIX_SERVER_TMPDIR failed
Sorted in 10.186895 seconds.
MPI Quicksort #3:
vsetenv PMIX_SERVER_TMPDIR failed
vsetenv PMIX_SERVER_TMPDIR failed
vsetenv PMIX_SERVER_TMPDIR failed
vsetenv PMIX_SERVER_TMPDIR failed
vsetenv PMIX_SERVER_TMPDIR failed
vsetenv PMIX_SERVER_TMPDIR failed
Sorted in 20.960909 seconds.
MPI Regular Sampling #3:
vsetenv PMIX_SERVER_TMPDIR failed
vsetenv PMIX_SERVER_TMPDIR failed
vsetenv PMIX_SERVER_TMPDIR failed
vsetenv PMIX_SERVER_TMPDIR failed
vsetenv PMIX_SERVER_TMPDIR failed
vsetenv PMIX_SERVER_TMPDIR failed
Sorted in 9.108210 seconds.
===== 100000000 =====
MPI Quicksort #1:
vsetenv PMIX_SERVER_TMPDIR failed
vsetenv PMIX_SERVER_TMPDIR failed
vsetenv PMIX_SERVER_TMPDIR failed
vsetenv PMIX_SERVER_TMPDIR failed
vsetenv PMIX_SERVER_TMPDIR failed
vsetenv PMIX_SERVER_TMPDIR failed
Sorted in 29.324378 seconds.
MPI Regular Sampling #1:
vsetenv PMIX_SERVER_TMPDIR failed
vsetenv PMIX_SERVER_TMPDIR failed
vsetenv PMIX_SERVER_TMPDIR failed
vsetenv PMIX_SERVER_TMPDIR failed
vsetenv PMIX_SERVER_TMPDIR failed
vsetenv PMIX_SERVER_TMPDIR failed
Sorted in 13.567877 seconds.
MPI Quicksort #2:
vsetenv PMIX_SERVER_TMPDIR failed
vsetenv PMIX_SERVER_TMPDIR failed
vsetenv PMIX_SERVER_TMPDIR failed
vsetenv PMIX_SERVER_TMPDIR failed
vsetenv PMIX_SERVER_TMPDIR failed
vsetenv PMIX_SERVER_TMPDIR failed
Sorted in 29.906176 seconds.
MPI Regular Sampling #2:
vsetenv PMIX_SERVER_TMPDIR failed
vsetenv PMIX_SERVER_TMPDIR failed
vsetenv PMIX_SERVER_TMPDIR failed
vsetenv PMIX_SERVER_TMPDIR failed
vsetenv PMIX_SERVER_TMPDIR failed
vsetenv PMIX_SERVER_TMPDIR failed
Sorted in 13.110743 seconds.
MPI Quicksort #3:
vsetenv PMIX_SERVER_TMPDIR failed
vsetenv PMIX_SERVER_TMPDIR failed
vsetenv PMIX_SERVER_TMPDIR failed
vsetenv PMIX_SERVER_TMPDIR failed
vsetenv PMIX_SERVER_TMPDIR failed
vsetenv PMIX_SERVER_TMPDIR failed
Sorted in 35.241425 seconds.
MPI Regular Sampling #3:
vsetenv PMIX_SERVER_TMPDIR failed
vsetenv PMIX_SERVER_TMPDIR failed
vsetenv PMIX_SERVER_TMPDIR failed
vsetenv PMIX_SERVER_TMPDIR failed
vsetenv PMIX_SERVER_TMPDIR failed
vsetenv PMIX_SERVER_TMPDIR failed
Sorted in 14.029397 seconds.
